code-creation,Stub,2,0x5990a000,213,"JSEntryStub"
code-creation,Stub,2,0x5990a0e0,213,"JSConstructEntryStub"
code-creation,Stub,2,0x5990a1c0,622,"CEntryStub"
code-creation,Stub,2,0x5990a440,97,"StoreBufferOverflowStub"
code-creation,Stub,2,0x5990a4c0,197,"StoreBufferOverflowStub"
code-creation,Stub,2,0x5990a5a0,782,"CEntryStub"
code-creation,Stub,2,0x5990a8c0,79,"StubFailureTrampolineStub"
code-creation,Stub,2,0x5990a920,80,"StubFailureTrampolineStub"
code-creation,Stub,2,0x5990a980,1420,"RecordWriteStub"
code-creation,Stub,2,0x5990af20,1433,"RecordWriteStub"
code-creation,Stub,2,0x5990b4c0,611,"RecordWriteStub"
code-creation,Stub,2,0x5990b740,611,"RecordWriteStub"
code-creation,Stub,2,0x5990b9c0,1433,"RecordWriteStub"
code-creation,Stub,2,0x5990bf60,1433,"RecordWriteStub"
code-creation,Stub,2,0x5990c500,1453,"RecordWriteStub"
code-creation,Stub,2,0x5990cac0,1461,"RecordWriteStub"
code-creation,Stub,2,0x5990d080,1433,"RecordWriteStub"
code-creation,Stub,2,0x5990d620,1433,"RecordWriteStub"
code-creation,Stub,2,0x5990dbc0,611,"RecordWriteStub"
code-creation,Stub,2,0x5990de40,1437,"RecordWriteStub"
code-creation,Stub,2,0x5990e3e0,1428,"RecordWriteStub"
code-creation,Stub,2,0x5990e980,1448,"RecordWriteStub"
code-creation,Stub,2,0x5990ef40,1453,"RecordWriteStub"
code-creation,Stub,2,0x5990f500,1448,"RecordWriteStub"
code-creation,Stub,2,0x5990fac0,305,"ArrayNoArgumentConstructorStub"
code-creation,Stub,2,0x5990fc00,289,"ArrayNoArgumentConstructorStub"
code-creation,Stub,2,0x5990fd40,305,"ArrayNoArgumentConstructorStub"
code-creation,Stub,2,0x5990fe80,289,"ArrayNoArgumentConstructorStub"
code-creation,Stub,2,0x5990ffc0,325,"ArrayNoArgumentConstructorStub"
code-creation,Stub,2,0x59910120,325,"ArrayNoArgumentConstructorStub"
code-creation,Stub,2,0x59910280,289,"ArrayNoArgumentConstructorStub"
code-creation,Stub,2,0x599103c0,289,"ArrayNoArgumentConstructorStub"
code-creation,Stub,2,0x59910500,470,"ArraySingleArgumentConstructorStub"
code-creation,Stub,2,0x599106e0,458,"ArraySingleArgumentConstructorStub"
code-creation,Stub,2,0x599108c0,470,"ArraySingleArgumentConstructorStub"
code-creation,Stub,2,0x59910aa0,458,"ArraySingleArgumentConstructorStub"
code-creation,Stub,2,0x59910c80,494,"ArraySingleArgumentConstructorStub"
code-creation,Stub,2,0x59910e80,494,"ArraySingleArgumentConstructorStub"
code-creation,Stub,2,0x59911080,458,"ArraySingleArgumentConstructorStub"
code-creation,Stub,2,0x59911260,458,"ArraySingleArgumentConstructorStub"
code-creation,Stub,2,0x59911440,484,"ArrayNArgumentsConstructorStub"
code-creation,Stub,2,0x59911640,472,"ArrayNArgumentsConstructorStub"
code-creation,Stub,2,0x59911820,484,"ArrayNArgumentsConstructorStub"
code-creation,Stub,2,0x59911a20,472,"ArrayNArgumentsConstructorStub"
code-creation,Stub,2,0x59911c00,508,"ArrayNArgumentsConstructorStub"
code-creation,Stub,2,0x59911e00,508,"ArrayNArgumentsConstructorStub"
code-creation,Stub,2,0x59912000,432,"ArrayNArgumentsConstructorStub"
code-creation,Stub,2,0x599121c0,432,"ArrayNArgumentsConstructorStub"
code-creation,Builtin,3,0x59912380,77,"Illegal"
code-creation,Builtin,3,0x599123e0,77,"EmptyFunction"
code-creation,Builtin,3,0x59912440,77,"InternalArrayCodeGeneric"
code-creation,Builtin,3,0x599124a0,77,"ArrayCodeGeneric"
code-creation,Builtin,3,0x59912500,77,"ArrayPush"
code-creation,Builtin,3,0x59912560,77,"ArrayPop"
code-creation,Builtin,3,0x599125c0,77,"ArrayShift"
code-creation,Builtin,3,0x59912620,77,"ArrayUnshift"
code-creation,Builtin,3,0x59912680,77,"ArraySlice"
code-creation,Builtin,3,0x599126e0,77,"ArraySplice"
code-creation,Builtin,3,0x59912740,77,"ArrayConcat"
code-creation,Builtin,3,0x599127a0,80,"HandleApiCall"
code-creation,Builtin,3,0x59912800,80,"HandleApiCallConstruct"
code-creation,Builtin,3,0x59912860,77,"HandleApiCallAsFunction"
code-creation,Builtin,3,0x599128c0,77,"HandleApiCallAsConstructor"
code-creation,Builtin,3,0x59912920,77,"StrictModePoisonPill"
code-creation,Builtin,3,0x59912980,174,"ArgumentsAdaptorTrampoline"
code-creation,Builtin,3,0x59912a40,75,"InRecompileQueue"
code-creation,Builtin,3,0x59912aa0,101,"InstallRecompiledCode"
code-creation,Builtin,3,0x59912b20,491,"JSConstructStubCountdown"
code-creation,Builtin,3,0x59912d20,432,"JSConstructStubGeneric"
code-creation,Builtin,3,0x59912ee0,406,"JSConstructStubApi"
code-creation,Builtin,3,0x59913080,157,"JSEntryTrampoline"
code-creation,Stub,2,0x59913120,148,"CallConstructStub"
code-creation,Builtin,3,0x599131c0,131,"JSConstructEntryTrampoline"
code-creation,Builtin,3,0x59913260,101,"LazyCompile"
code-creation,Builtin,3,0x599132e0,101,"LazyRecompile"
code-creation,Builtin,3,0x59913360,107,"ParallelRecompile"
code-creation,Builtin,3,0x599133e0,143,"NotifyDeoptimized"
code-creation,Builtin,3,0x59913480,143,"NotifySoftDeoptimized"
code-creation,Builtin,3,0x59913520,143,"NotifyLazyDeoptimized"
code-creation,Builtin,3,0x599135c0,94,"NotifyStubFailure"
code-creation,Builtin,3,0x59913620,91,"NotifyOSR"
code-creation,Builtin,3,0x59913680,83,"LoadIC_Miss"
code-creation,Builtin,3,0x599136e0,83,"KeyedLoadIC_Miss"
code-creation,Builtin,3,0x59913740,83,"KeyedLoadIC_MissForceGeneric"
code-creation,Builtin,3,0x599137a0,83,"KeyedLoadIC_Slow"
code-creation,Builtin,3,0x59913800,84,"StoreIC_Miss"
code-creation,Builtin,3,0x59913860,84,"StoreIC_Slow"
code-creation,Builtin,3,0x599138c0,84,"KeyedStoreIC_Miss"
code-creation,Builtin,3,0x59913920,84,"KeyedStoreIC_MissForceGeneric"
code-creation,Builtin,3,0x59913980,84,"KeyedStoreIC_Slow"
code-creation,Builtin,4,0x599139e0,83,"LoadIC_Initialize"
code-creation,Builtin,4,0x59913a40,83,"LoadIC_PreMonomorphic"
code-creation,Stub,2,0x59913aa0,740,"NameDictionaryLookupStub"
code-creation,Builtin,4,0x59913da0,313,"LoadIC_Normal"
code-creation,Builtin,4,0x59913ee0,266,"LoadIC_Megamorphic"
code-creation,Builtin,4,0x59914000,80,"LoadIC_Getter_ForDeopt"
code-creation,Builtin,4,0x59914060,83,"LoadIC_Slow"
code-creation,Builtin,5,0x599140c0,83,"KeyedLoadIC_Initialize"
code-creation,Builtin,5,0x59914120,83,"KeyedLoadIC_PreMonomorphic"
code-creation,Stub,2,0x59914180,740,"NameDictionaryLookupStub"
code-creation,Builtin,5,0x59914480,896,"KeyedLoadIC_Generic"
code-creation,Builtin,5,0x59914800,499,"KeyedLoadIC_String"
code-creation,Builtin,5,0x59914a00,144,"KeyedLoadIC_IndexedInterceptor"
code-creation,Builtin,5,0x59914aa0,216,"KeyedLoadIC_NonStrictArguments"
code-creation,Builtin,8,0x59914b80,84,"StoreIC_Initialize"
code-creation,Stub,2,0x59914be0,740,"NameDictionaryLookupStub"
code-creation,Builtin,8,0x59914ee0,365,"StoreIC_Normal"
code-creation,Builtin,8,0x59915060,293,"StoreIC_Megamorphic"
code-creation,Builtin,8,0x599151a0,88,"StoreIC_Generic"
code-creation,Builtin,8,0x59915200,88,"StoreIC_Generic_Strict"
code-creation,Builtin,8,0x59915260,88,"StoreIC_GlobalProxy"
code-creation,Builtin,8,0x599152c0,84,"StoreIC_Initialize_Strict"
code-creation,Builtin,8,0x59915320,365,"StoreIC_Normal_Strict"
code-creation,Builtin,8,0x599154a0,293,"StoreIC_Megamorphic_Strict"
code-creation,Builtin,8,0x599155e0,88,"StoreIC_GlobalProxy_Strict"
code-creation,Builtin,8,0x59915640,82,"StoreIC_Setter_ForDeopt"
code-creation,Builtin,9,0x599156a0,84,"KeyedStoreIC_Initialize"
code-creation,Builtin,9,0x59915700,2086,"KeyedStoreIC_Generic"
code-creation,Builtin,9,0x59915f40,84,"KeyedStoreIC_Initialize_Strict"
code-creation,Builtin,9,0x59915fa0,2086,"KeyedStoreIC_Generic_Strict"
code-creation,Stub,2,0x599167e0,1425,"RecordWriteStub"
code-creation,Builtin,9,0x59916d80,286,"KeyedStoreIC_NonStrictArguments"
code-creation,Builtin,3,0x59916ea0,360,"TransitionElementsSmiToDouble"
code-creation,Builtin,3,0x59917020,413,"TransitionElementsDoubleToObject"
code-creation,Builtin,3,0x599171c0,376,"FunctionCall"
code-creation,Builtin,3,0x59917340,388,"FunctionApply"
code-creation,Stub,2,0x599174e0,233,"InternalArrayNoArgumentConstructorStub"
code-creation,Stub,2,0x599175e0,426,"InternalArraySingleArgumentConstructorStub"
code-creation,Stub,2,0x599177a0,400,"InternalArrayNArgumentsConstructorStub"
code-creation,Stub,2,0x59917940,233,"InternalArrayNoArgumentConstructorStub"
code-creation,Stub,2,0x59917a40,426,"InternalArraySingleArgumentConstructorStub"
code-creation,Stub,2,0x59917c00,400,"InternalArrayNArgumentsConstructorStub"
code-creation,Stub,2,0x59917da0,169,"InternalArrayConstructorStub"
code-creation,Builtin,3,0x59917e60,78,"InternalArrayCode"
code-creation,Stub,2,0x59917ec0,482,"ArrayConstructorStub"
code-creation,Builtin,3,0x599180c0,83,"ArrayCode"
code-creation,Stub,2,0x59918120,613,"RecordWriteStub"
code-creation,Builtin,3,0x599183a0,608,"CommonArrayConstructCode"
code-creation,Builtin,3,0x59918600,358,"StringConstructCode"
code-creation,Builtin,3,0x59918780,511,"OnStackReplacement"
code-creation,Builtin,3,0x59918980,101,"MakeQuadragenarianCodeYoungAgainOddMarking"
code-creation,Builtin,3,0x59918a00,101,"MakeQuadragenarianCodeYoungAgainEvenMarking"
code-creation,Builtin,3,0x59918a80,101,"MakeQuinquagenarianCodeYoungAgainOddMarking"
code-creation,Builtin,3,0x59918b00,101,"MakeQuinquagenarianCodeYoungAgainEvenMarking"
code-creation,Builtin,3,0x59918b80,101,"MakeSexagenarianCodeYoungAgainOddMarking"
code-creation,Builtin,3,0x59918c00,101,"MakeSexagenarianCodeYoungAgainEvenMarking"
code-creation,Builtin,3,0x59918c80,101,"MakeSeptuagenarianCodeYoungAgainOddMarking"
code-creation,Builtin,3,0x59918d00,101,"MakeSeptuagenarianCodeYoungAgainEvenMarking"
code-creation,Builtin,3,0x59918d80,101,"MakeOctogenarianCodeYoungAgainOddMarking"
code-creation,Builtin,3,0x59918e00,101,"MakeOctogenarianCodeYoungAgainEvenMarking"
code-creation,Builtin,3,0x59918e80,107,"Return_DebugBreak"
code-creation,Builtin,3,0x59918f00,104,"CallFunctionStub_DebugBreak"
code-creation,Builtin,3,0x59918f80,106,"CallFunctionStub_Recording_DebugBreak"
code-creation,Builtin,3,0x59919000,110,"CallConstructStub_DebugBreak"
code-creation,Builtin,3,0x59919080,112,"CallConstructStub_Recording_DebugBreak"
code-creation,Builtin,4,0x59919100,106,"LoadIC_DebugBreak"
code-creation,Builtin,5,0x59919180,106,"KeyedLoadIC_DebugBreak"
code-creation,Builtin,8,0x59919200,108,"StoreIC_DebugBreak"
code-creation,Builtin,9,0x59919280,108,"KeyedStoreIC_DebugBreak"
code-creation,Builtin,13,0x59919300,104,"CompareNilIC_DebugBreak"
code-creation,Builtin,3,0x59919380,105,"Slot_DebugBreak"
code-creation,Builtin,3,0x59919400,65,"PlainReturn_LiveEdit"
code-creation,Builtin,3,0x59919460,93,"FrameDropper_LiveEdit"
code-creation,Stub,2,0x599194c0,76,"StackCheckStub"
code-creation,Stub,2,0x59919520,260,"CallConstructStub_Recording"
code-creation,Stub,2,0x59919640,76,"InterruptStub"
code-creation,Script,0,0x599196a0,612,"native runtime.js",0x5ee0c2a0,
code-creation,Stub,13,0x59919920,93,"CompareNilICStub_(None)(NullValue|"
code-creation,CallInitialize,6,0x59919980,178,"args_count: 1"
code-creation,CallInitialize,6,0x59919a40,178,"args_count: 2"
code-creation,LazyCompile,0,0x59919b00,1728,"EQUALS native runtime.js:54",0x5ee0af6c,
code-creation,LazyCompile,0,0x5991a1c0,376,"STRICT_EQUALS native runtime.js:108",0x5ee0afcc,
code-creation,Stub,2,0x5991a340,216,"StringCompareStub"
code-creation,Stub,12,0x5991a420,104,"CompareICStub"
code-creation,LazyCompile,0,0x5991a4a0,924,"COMPARE native runtime.js:128",0x5ee0b02c,
code-creation,Stub,2,0x5991a840,1471,"StringAddStub"
code-creation,LazyCompile,0,0x5991ae00,596,"ADD native runtime.js:171",0x5ee0b08c,
code-creation,LazyCompile,0,0x5991b060,296,"SUB native runtime.js:222",0x5ee0b1ac,
code-creation,LazyCompile,0,0x5991b1a0,296,"MUL native runtime.js:230",0x5ee0b20c,
code-creation,LazyCompile,0,0x5991b2e0,296,"DIV native runtime.js:238",0x5ee0b26c,
code-creation,LazyCompile,0,0x5991b420,296,"MOD native runtime.js:246",0x5ee0b2cc,
code-creation,LazyCompile,0,0x5991b560,296,"BIT_OR native runtime.js:260",0x5ee0b32c,
code-creation,LazyCompile,0,0x5991b6a0,384,"BIT_AND native runtime.js:268",0x5ee0b38c,
code-creation,LazyCompile,0,0x5991b820,296,"BIT_XOR native runtime.js:290",0x5ee0b3ec,
code-creation,LazyCompile,0,0x5991b960,244,"UNARY_MINUS native runtime.js:298",0x5ee0b44c,
code-creation,LazyCompile,0,0x5991ba60,244,"BIT_NOT native runtime.js:305",0x5ee0b4ac,
code-creation,LazyCompile,0,0x5991bb60,296,"SHL native runtime.js:312",0x5ee0b50c,
code-creation,LazyCompile,0,0x5991bca0,384,"SAR native runtime.js:320",0x5ee0b56c,
code-creation,LazyCompile,0,0x5991be20,296,"SHR native runtime.js:342",0x5ee0b5cc,
code-creation,LazyCompile,0,0x5991bf60,228,"DELETE native runtime.js:356",0x5ee0b62c,
code-creation,Stub,2,0x5991c060,245,"StoreArrayLiteralElementStub"
code-creation,LazyCompile,0,0x5991c160,368,"IN native runtime.js:362",0x5ee0b68c,
code-creation,Stub,12,0x5991c2e0,104,"CompareICStub"
code-creation,Stub,14,0x5991c360,93,"ToBooleanStub_(None)"
code-creation,LazyCompile,0,0x5991c3c0,644,"INSTANCE_OF native runtime.js:375",0x5ee0b6ec,
code-creation,LazyCompile,0,0x5991c660,236,"FILTER_KEY native runtime.js:406",0x5ee0b74c,
code-creation,Stub,2,0x5991c760,351,"ArgumentsAccessStub_NewNonStrictFast"
code-creation,LazyCompile,0,0x5991c8c0,380,"CALL_NON_FUNCTION native runtime.js:413",0x5ee0b7ac,
code-creation,LazyCompile,0,0x5991ca40,380,"CALL_NON_FUNCTION_AS_CONSTRUCTOR native runtime.js:422",0x5ee0b80c,
code-creation,Stub,11,0x5991cbc0,88,"BinaryOpStub_SUB_Alloc_Uninitialized+Uninitialized"
code-creation,Stub,2,0x5991cc20,130,"ArgumentsAccessStub_ReadElement"
code-creation,LazyCompile,0,0x5991ccc0,288,"CALL_FUNCTION_PROXY native runtime.js:431",0x5ee0b86c,
code-creation,LazyCompile,0,0x5991cde0,260,"CALL_FUNCTION_PROXY_AS_CONSTRUCTOR native runtime.js:439",0x5ee0b8cc,
code-creation,LazyCompile,0,0x5991cf00,188,"TO_OBJECT native runtime.js:490",0x5ee0b9ec,
code-creation,LazyCompile,0,0x5991cfc0,188,"TO_NUMBER native runtime.js:496",0x5ee0ba4c,
code-creation,LazyCompile,0,0x5991d080,188,"TO_STRING native runtime.js:502",0x5ee0baac,
code-creation,Stub,2,0x5991d140,196,"NumberToStringStub"
code-creation,LazyCompile,0,0x5991d220,572,"STRING_ADD_LEFT native runtime.js:191",0x5ee0b0ec,
code-creation,LazyCompile,0,0x5991d460,580,"STRING_ADD_RIGHT native runtime.js:206",0x5ee0b14c,
code-creation,Stub,12,0x5991d6c0,104,"CompareICStub"
code-creation,Stub,12,0x5991d740,104,"CompareICStub"
code-creation,Stub,12,0x5991d7c0,104,"CompareICStub"
code-creation,LazyCompile,0,0x5991d840,912,"APPLY_PREPARE native runtime.js:446",0x5ee0b92c,
code-creation,LazyCompile,0,0x5991dbe0,232,"APPLY_OVERFLOW native runtime.js:484",0x5ee0b98c,
code-creation,CallInitialize,6,0x5991dce0,180,"args_count: 0"
code-creation,CallInitialize,6,0x5991dda0,180,"args_count: 12"
code-creation,CallInitialize,6,0x5991de60,189,"args_count: 38"
code-creation,CallInitialize,6,0x5991df20,180,"args_count: 3"
code-creation,Script,0,0x5991dfe0,1084,"native v8natives.js",0x5ee0fd08,
code-creation,CallPreMonomorphic,6,0x5991e420,180,"args_count: 0"
code-creation,CallInitialize,6,0x5991e4e0,180,"args_count: 10"
code-creation,LazyCompile,0,0x5991e5a0,452,"SetUpGlobal native v8natives.js:197",0x5ee0d7b4,
code-creation,CallPreMonomorphic,6,0x5991e780,180,"args_count: 10"
code-creation,CallPreMonomorphic,6,0x5991e840,180,"args_count: 3"
code-creation,Stub,11,0x5991e900,88,"BinaryOpStub_SAR_Alloc_Uninitialized+Uninitialized"
code-creation,Stub,11,0x5991e960,88,"BinaryOpStub_ADD_Alloc_Uninitialized+Uninitialized"
code-creation,LazyCompile,0,0x5991e9c0,561,"InstallFunctions native v8natives.js:46",0x5ee0d454,
code-creation,Stub,12,0x5991ec00,122,"CompareICStub"
code-creation,Stub,11,0x5991ec80,155,"BinaryOpStub_SAR_Alloc_Smi+Smi"
code-creation,Stub,12,0x5991ed20,122,"CompareICStub"
code-creation,Stub,2,0x5991eda0,140,"KeyedLoadElementStub"
code-creation,KeyedLoadIC,5,0x5991ee40,91,""
code-creation,Stub,11,0x5991eea0,146,"BinaryOpStub_ADD_Alloc_Smi+Smi"
code-creation,Stub,2,0x5991ef40,76,"LoadFieldStub"
code-creation,LoadIC,4,0x5991efa0,93,"length"
code-creation,CallPreMonomorphic,6,0x5991f000,180,"args_count: 12"
code-creation,CallPreMonomorphic,6,0x5991f0c0,189,"args_count: 38"
code-creation,Stub,11,0x5991f180,88,"BinaryOpStub_ADD_OverwriteLeft_Uninitialized+Uninitialized"
code-creation,Stub,2,0x5991f1e0,98,"ToNumberStub"
code-creation,LazyCompile,0,0x5991f260,814,"SetUpLockedPrototype native v8natives.js:87",0x5ee0d574,
code-creation,Stub,14,0x5991f5a0,148,"ToBooleanStub_(SpecObject)"
code-creation,Stub,11,0x5991f640,146,"BinaryOpStub_ADD_OverwriteLeft_Smi+Smi"
code-creation,CallInitialize,6,0x5991f6e0,180,"args_count: 20"
code-creation,CallInitialize,6,0x5991f7a0,180,"args_count: 4"
code-creation,CallInitialize,6,0x5991f860,180,"args_count: 28"
code-creation,LazyCompile,0,0x5991f920,1044,"SetUpObject native v8natives.js:1385",0x5ee0eb34,
code-creation,CallInitialize,6,0x5991fd40,180,"args_count: 1"
code-creation,LazyCompile,0,0x5991fe00,308,"ObjectConstructor native v8natives.js:1371",0x5ee0ead4,
code-creation,LazyCompile,0,0x5991fe00,308,"ObjectConstructor native v8natives.js:1371",0x5ee0ead4,
code-creation,CallPreMonomorphic,6,0x5991ff40,180,"args_count: 20"
code-creation,CallPreMonomorphic,6,0x59920000,180,"args_count: 4"
code-creation,LazyCompile,0,0x599200c0,304,"InstallGetterSetter native v8natives.js:72",0x5ee0d514,
code-creation,CallPreMonomorphic,6,0x59920200,180,"args_count: 28"
code-creation,LazyCompile,0,0x599202c0,448,"SetUpBoolean native v8natives.js:1472",0x5ee0ecb4,
code-creation,LazyCompile,0,0x59920480,292,"BooleanConstructor native v8natives.js:1437",0x5ee0eb94,
code-creation,LazyCompile,0,0x59920480,292,"BooleanConstructor native v8natives.js:1437",0x5ee0eb94,
code-creation,CallPreMonomorphic,6,0x599205c0,180,"args_count: 1"
code-creation,LazyCompile,0,0x59920680,404,"ToBoolean native runtime.js:526",0x5ee0bb6c,
code-creation,LazyCompile,0,0x59920820,924,"SetUpNumber native v8natives.js:1635",0x5ee0f074,
code-creation,LazyCompile,0,0x59920bc0,336,"NumberConstructor native v8natives.js:1491",0x5ee0ed14,
code-creation,LazyCompile,0,0x59920bc0,336,"NumberConstructor native v8natives.js:1491",0x5ee0ed14,
code-creation,Stub,12,0x59920d20,116,"CompareICStub"
code-creation,LazyCompile,0,0x59920da0,504,"ToNumber native runtime.js:536",0x5ee0bbcc,
code-creation,LazyCompile,0,0x59920fa0,380,"SetUpFunction native v8natives.js:1826",0x5ee0f2b4,
code-creation,Stub,2,0x59921120,160,"FastNewContextStub"
code-creation,Stub,2,0x599211c0,1420,"RecordWriteStub"
code-creation,CallInitialize,6,0x59921760,180,"args_count: 2"
code-creation,LazyCompile,0,0x59921820,440,"FunctionConstructor native v8natives.js:1813",0x5ee0f254,
code-creation,LazyCompile,0,0x59921820,440,"FunctionConstructor native v8natives.js:1813",0x5ee0f254,
code-creation,Script,0,0x599219e0,268,"native array.js",0x5ee122ac,
code-creation,Stub,2,0x59921b00,304,"FastNewClosureStub"
code-creation,Stub,2,0x59921c40,320,"CallFunctionStub_Args2_Recording"
code-creation,Stub,2,0x59921d80,320,"CallFunctionStub_Args3_Recording"
code-creation,CallInitialize,6,0x59921ec0,189,"args_count: 42"
code-creation,CallInitialize,6,0x59921f80,180,"args_count: 6"
code-creation,LazyCompile,0,0x59922040,2272,"SetUpArray native array.js:1591",0x5ee120b0,
code-creation,CallPreMonomorphic,6,0x59922920,180,"args_count: 2"
code-creation,LazyCompile,0,0x599229e0,292,"SetUpArray.b native array.js:1605",0x5ee12ad4,
code-creation,CallPreMonomorphic,6,0x59922b20,178,"args_count: 1"
code-creation,LazyCompile,0,0x59922be0,404,"hasOwnProperty native v8natives.js:251",0x5ee0d934,
code-creation,Stub,14,0x59922d80,136,"ToBooleanStub_(Bool)"
code-creation,LazyCompile,0,0x59922e20,220,"ToName native runtime.js:578",0x5ee0bd4c,
code-creation,LazyCompile,0,0x59922f00,416,"ToString native runtime.js:561",0x5ee0bc8c,
code-creation,CallMiss,6,0x599230a0,178,"args_count: 1"
code-creation,CallIC,6,0x59923160,131,"hasOwnProperty"
code-creation,CallMiss,6,0x59923200,180,"args_count: 1"
code-creation,CallIC,6,0x599232c0,131,"ToName"
code-creation,CallIC,6,0x59923360,130,"ToString"
code-creation,Stub,2,0x59923400,70,"push"
code-creation,KeyedLoadIC,5,0x59923460,105,"push"
code-creation,Stub,2,0x599234e0,70,"concat"
code-creation,CallPreMonomorphic,6,0x59923540,189,"args_count: 42"
code-creation,Stub,4,0x59923600,145,"FunctionPrototypeStub"
code-creation,LoadIC,4,0x599236a0,93,"length"
code-creation,LoadPolymorphicIC,4,0x59923700,105,"length"
code-creation,CallPreMonomorphic,6,0x59923780,180,"args_count: 6"
code-creation,Stub,2,0x59923840,257,"FastCloneShallowArrayStub"
code-creation,Script,0,0x59923960,516,"native string.js",0x5ee14724,
code-creation,CallInitialize,6,0x59923b80,189,"args_count: 70"
code-creation,LazyCompile,0,0x59923c40,1132,"SetUpString native string.js:992",0x5ee143ac,
code-creation,LazyCompile,0,0x599240c0,380,"StringConstructor native string.js:35",0x5ee1332c,
code-creation,LazyCompile,0,0x599240c0,380,"StringConstructor native string.js:35",0x5ee1332c,
code-creation,CallPreMonomorphic,6,0x59924240,189,"args_count: 70"
code-creation,Script,0,0x59924300,264,"native uri.js",0x5ee1585c,
code-creation,LazyCompile,0,0x59924420,336,"SetUpUri native uri.js:442",0x5ee15720,
code-creation,Script,0,0x59924580,340,"native math.js",0x5ee164f8,
code-creation,LazyCompile,0,0x599246e0,164,"MathConstructor native math.js:40",0x5ee15c14,
code-creation,LazyCompile,0,0x599247a0,1112,"SetUpMath native math.js:226",0x5ee16394,
code-creation,CallInitialize,6,0x59924c00,180,"args_count: 7"
code-creation,CallInitialize,6,0x59924cc0,180,"args_count: 14"
code-creation,CallInitialize,6,0x59924d80,180,"args_count: 5"
code-creation,CallInitialize,6,0x59924e40,189,"args_count: 32"
code-creation,Script,0,0x59924f00,1880,"native messages.js",0x5ee1971c,
code-creation,LazyCompile,0,0x59925660,216," native messages.js:285",0x5ee19678,
code-creation,LazyCompile,0,0x59925660,216," native messages.js:285",0x5ee19678,
code-creation,CallPreMonomorphic,6,0x59925740,180,"args_count: 7"
code-creation,CallPreMonomorphic,6,0x59925800,180,"args_count: 14"
code-creation,CallPreMonomorphic,6,0x599258c0,180,"args_count: 5"
code-creation,CallPreMonomorphic,6,0x59925980,189,"args_count: 32"
code-creation,Stub,2,0x59925a40,320,"CallFunctionStub_Args1_Recording"
code-creation,LazyCompile,0,0x59925b80,460,"SetUpError native messages.js:1164",0x5ee19278,
code-creation,LazyCompile,0,0x59925d60,692,"SetUpError.a native messages.js:1167",0x5ee1a29c,
code-creation,Stub,2,0x59926020,1447,"StringAddStub"
code-creation,Stub,11,0x599265e0,124,"BinaryOpStub_ADD_Alloc_String+String"
code-creation,Stub,12,0x59926660,141,"CompareICStub"
code-creation,LazyCompile,0,0x59926700,164,"d native messages.js:1183",0x5ee1a608,
code-creation,LazyCompile,0,0x599267c0,360," native messages.js:1193",0x5ee1a668,
code-creation,LazyCompile,0,0x599267c0,360," native messages.js:1193",0x5ee1a668,
code-creation,LoadIC,4,0x59926940,105,"global"
code-creation,LoadIC,4,0x599269c0,105,"builtins"
code-creation,Stub,2,0x59926a40,163,"FastNewContextStub"
code-creation,LazyCompile,0,0x59926b00,1012,"captureStackTrace native messages.js:1114",0x5ee19218,
code-creation,Stub,14,0x59926f00,128,"ToBooleanStub_(Undefined)"
code-creation,LazyCompile,0,0x599267c0,360," native messages.js:1193",0x5ee1a668,
code-creation,LoadIC,4,0x59926f80,105,"$Error"
code-creation,CallMiss,6,0x59927000,180,"args_count: 2"
code-creation,CallIC,6,0x599270c0,131,"captureStackTrace"
code-creation,Stub,2,0x59927160,116,""
code-creation,LoadIC,4,0x599271e0,93,"stackTraceLimit"
code-creation,LazyCompile,0,0x599267c0,360," native messages.js:1193",0x5ee1a668,
code-creation,LazyCompile,0,0x599267c0,360," native messages.js:1193",0x5ee1a668,
code-creation,LazyCompile,0,0x599267c0,360," native messages.js:1193",0x5ee1a668,
code-creation,LazyCompile,0,0x599267c0,360," native messages.js:1193",0x5ee1a668,
code-creation,LazyCompile,0,0x599267c0,360," native messages.js:1193",0x5ee1a668,
code-creation,Stub,13,0x59927240,124,"CompareNilICStub_(Undefined)(NullValue|"
code-creation,LazyCompile,0,0x599272c0,424,"SetUpStackOverflowBoilerplate native messages.js:1292",0x5ee193f8,
code-creation,LazyCompile,0,0x59927480,200,"MakeRangeError native messages.js:326",0x5ee182b8,
code-creation,LazyCompile,0,0x59927560,280,"MakeGenericError native messages.js:273",0x5ee180d8,
code-creation,LazyCompile,0,0x59927680,264,"FormatMessage native messages.js:292",0x5ee18138,
code-creation,Stub,11,0x599277a0,88,"BinaryOpStub_SHR_OverwriteLeft_Uninitialized+Uninitialized"
code-creation,LazyCompile,0,0x59927800,1429,"FormatString native messages.js:178",0x5ee17ef8,
code-creation,Stub,2,0x59927da0,116,""
code-creation,LoadPolymorphicIC,4,0x59927e20,105,"stackTraceLimit"
code-creation,Stub,11,0x59927ea0,124,"BinaryOpStub_ADD_OverwriteLeft_String+String"
code-creation,Script,0,0x59927f20,280,"native apinatives.js",0x5ee1ad70,
code-creation,Script,0,0x59928040,616,"native date.js",0x5ee1cb78,
code-creation,CallInitialize,6,0x599282c0,189,"args_count: 92"
code-creation,LazyCompile,0,0x59928380,1396,"SetUpDate native date.js:761",0x5ee1c87c,
code-creation,CallInitialize,6,0x59928900,178,"args_count: 0"
code-creation,Stub,12,0x599289c0,104,"CompareICStub"
code-creation,LazyCompile,0,0x59928a40,1392,"DateConstructor native date.js:141",0x5ee1b25c,
code-creation,LazyCompile,0,0x59928a40,1392,"DateConstructor native date.js:141",0x5ee1b25c,
code-creation,CallPreMonomorphic,6,0x59928fc0,189,"args_count: 92"
code-creation,Script,0,0x59929080,264,"native json.js",0x5ee1da38,
code-creation,LazyCompile,0,0x599291a0,260,"SetUpJSON native json.js:219",0x5ee1d8fc,
code-creation,Script,0,0x599292c0,404,"native regexp.js",0x5ee1e420,
code-creation,CallInitialize,6,0x59929460,180,"args_count: 8"
code-creation,LazyCompile,0,0x59929520,1561,"SetUpRegExp native regexp.js:400",0x5ee1e2d4,
code-creation,LazyCompile,0,0x59929b40,324,"RegExpConstructor native regexp.js:90",0x5ee1dd94,
code-creation,LazyCompile,0,0x59929b40,324,"RegExpConstructor native regexp.js:90",0x5ee1dd94,
code-creation,CallPreMonomorphic,6,0x59929ca0,180,"args_count: 8"
code-creation,Stub,2,0x59929d60,1665,"StringAddStub"
code-creation,Stub,2,0x5992a400,1662,"StringAddStub"
code-creation,Stub,11,0x5992aa80,133,"BinaryOpStub_ADD_Alloc_String+Smi"
code-creation,CallPreMonomorphic,6,0x5992ab20,178,"args_count: 2"
code-creation,LazyCompile,0,0x5992abe0,600,"ToPrimitive native runtime.js:514",0x5ee0bb0c,
code-creation,LazyCompile,0,0x5992ae40,224,"RegExpMakeCaptureGetter native regexp.js:360",0x5ee1e274,
code-creation,LoadIC,4,0x5992af20,105,"$RegExp"
code-creation,Stub,12,0x5992afa0,485,"CompareICStub"
code-creation,CallIC,6,0x5992b1a0,131,"RegExpMakeCaptureGetter"
snapshot-code-name,4536,"Stub:ArrayNoArgumentConstructorStub"
snapshot-code-name,4973,"Stub:CEntryStub"
snapshot-code-name,6030,"Stub:CompareICStub"
snapshot-code-name,6187,"Stub:CEntryStub"
snapshot-code-name,7067,"Stub:RecordWriteStub"
snapshot-code-name,8606,"Stub:StoreBufferOverflowStub"
snapshot-code-name,8881,"Stub:RecordWriteStub"
snapshot-code-name,9594,"Stub:InterruptStub"
snapshot-code-name,9729,"Stub:CompareICStub"
snapshot-code-name,9902,"Stub:FastNewContextStub"
snapshot-code-name,10123,"Stub:ToBooleanStub_(Bool)"
snapshot-code-name,10376,"Stub:JSEntryStub"
snapshot-code-name,10722,"Stub:ArrayConstructorStub"
snapshot-code-name,11286,"Stub:ArrayNoArgumentConstructorStub"
snapshot-code-name,11759,"Stub:ArrayNoArgumentConstructorStub"
snapshot-code-name,12210,"Stub:ArrayNoArgumentConstructorStub"
snapshot-code-name,12682,"Stub:ArrayNoArgumentConstructorStub"
snapshot-code-name,13158,"Stub:ArrayNoArgumentConstructorStub"
snapshot-code-name,13618,"Stub:ArraySingleArgumentConstructorStub"
snapshot-code-name,14363,"Stub:ArraySingleArgumentConstructorStub"
snapshot-code-name,15108,"Stub:ArraySingleArgumentConstructorStub"
snapshot-code-name,15887,"Stub:ArraySingleArgumentConstructorStub"
snapshot-code-name,16666,"Stub:ArraySingleArgumentConstructorStub"
snapshot-code-name,17408,"Stub:ArraySingleArgumentConstructorStub"
snapshot-code-name,18159,"Stub:ArrayNArgumentsConstructorStub"
snapshot-code-name,18862,"Stub:ArrayNArgumentsConstructorStub"
snapshot-code-name,19565,"Stub:ArrayNArgumentsConstructorStub"
snapshot-code-name,20269,"Stub:ArrayNArgumentsConstructorStub"
snapshot-code-name,20973,"Stub:ArrayNArgumentsConstructorStub"
snapshot-code-name,21574,"Stub:ArrayNArgumentsConstructorStub"
snapshot-code-name,22193,"Stub:ArrayNoArgumentConstructorStub"
snapshot-code-name,22702,"Stub:FunctionPrototypeStub"
snapshot-code-name,22885,"Builtin:LoadIC_Miss"
snapshot-code-name,23030,"Stub:CompareNilICStub_(None)(NullValue|"
snapshot-code-name,23168,"Stub:NumberToStringStub"
snapshot-code-name,23444,"Stub:StubFailureTrampolineStub"
snapshot-code-name,23575,"Stub:RecordWriteStub"
snapshot-code-name,24293,"Stub:ToBooleanStub_(None)"
snapshot-code-name,24431,"Stub:CompareICStub"
snapshot-code-name,24604,"Stub:CompareICStub"
snapshot-code-name,24809,"Stub:JSConstructEntryStub"
snapshot-code-name,25155,"Stub:StringAddStub"
snapshot-code-name,26787,"Stub:RecordWriteStub"
snapshot-code-name,28474,"Stub:RecordWriteStub"
snapshot-code-name,30214,"Stub:BinaryOpStub_ADD_OverwriteLeft_Smi+Smi"
snapshot-code-name,30417,"Stub:InternalArrayNArgumentsConstructorStub"
snapshot-code-name,30925,"Stub:InternalArrayConstructorStub"
snapshot-code-name,31144,"Stub:InternalArrayNoArgumentConstructorStub"
snapshot-code-name,31464,"Stub:InternalArraySingleArgumentConstructorStub"
snapshot-code-name,32136,"Stub:InternalArrayNoArgumentConstructorStub"
snapshot-code-name,32460,"Stub:InternalArraySingleArgumentConstructorStub"
snapshot-code-name,33128,"Stub:InternalArrayNArgumentsConstructorStub"
snapshot-code-name,33638,"Stub:StoreBufferOverflowStub"
snapshot-code-name,33907,"Stub:RecordWriteStub"
snapshot-code-name,35604,"Stub:RecordWriteStub"
snapshot-code-name,36342,"Stub:CompareICStub"
snapshot-code-name,36514,"Stub:BinaryOpStub_ADD_OverwriteLeft_String+String"
snapshot-code-name,36664,"Stub:StringAddStub"
snapshot-code-name,38407,"Stub:FastCloneShallowArrayStub"
snapshot-code-name,38862,"Stub:BinaryOpStub_SUB_Alloc_Uninitialized+Uninitialized"
snapshot-code-name,38999,"Stub:LoadFieldStub"
snapshot-code-name,39125,"Stub:StackCheckStub"
snapshot-code-name,39264,"Stub:RecordWriteStub"
snapshot-code-name,40941,"Stub:ArraySingleArgumentConstructorStub"
snapshot-code-name,41690,"Stub:CallFunctionStub_Args3_Recording"
snapshot-code-name,42047,"Builtin:ArgumentsAdaptorTrampoline"
snapshot-code-name,42281,"Stub:ArrayNoArgumentConstructorStub"
snapshot-code-name,42736,"Stub:CompareICStub"
snapshot-code-name,42905,"Stub:CompareNilICStub_(Undefined)(NullValue|"
snapshot-code-name,43125,"Stub:RecordWriteStub"
snapshot-code-name,44790,"Stub:CompareICStub"
snapshot-code-name,44962,"Stub:StubFailureTrampolineStub"
snapshot-code-name,45107,"Stub:ToNumberStub"
snapshot-code-name,45307,"Stub:ArrayNArgumentsConstructorStub"
snapshot-code-name,45978,"Stub:RecordWriteStub"
snapshot-code-name,47642,"Stub:BinaryOpStub_ADD_Alloc_String+Smi"
snapshot-code-name,47827,"Stub:StringAddStub"
snapshot-code-name,49760,"Stub:StringAddStub"
snapshot-code-name,51682,"Stub:NameDictionaryLookupStub"
snapshot-code-name,52529,"Stub:ToBooleanStub_(Undefined)"
snapshot-code-name,52749,"Stub:StoreArrayLiteralElementStub"
snapshot-code-name,53041,"Stub:RecordWriteStub"
snapshot-code-name,54744,"Stub:CompareICStub"
snapshot-code-name,54914,"Stub:CallFunctionStub_Args2_Recording"
snapshot-code-name,55308,"Stub:RecordWriteStub"
snapshot-code-name,56969,"Stub:BinaryOpStub_ADD_Alloc_Smi+Smi"
snapshot-code-name,57172,"Stub:ArrayNArgumentsConstructorStub"
snapshot-code-name,57846,"Stub:CallConstructStub_Recording"
snapshot-code-name,58196,"Stub:FastNewContextStub"
snapshot-code-name,58449,"Stub:RecordWriteStub"
snapshot-code-name,60156,"Stub:BinaryOpStub_ADD_OverwriteLeft_Uninitialized+Uninitialized"
snapshot-code-name,60291,"Stub:RecordWriteStub"
snapshot-code-name,61956,"Stub:CallFunctionStub_Args1_Recording"
snapshot-code-name,62334,"Stub:CompareICStub"
snapshot-code-name,62519,"Stub:FastNewClosureStub"
snapshot-code-name,62913,"Stub:NameDictionaryLookupStub"
snapshot-code-name,63758,"Stub:ArraySingleArgumentConstructorStub"
snapshot-code-name,64522,"Stub:RecordWriteStub"
snapshot-code-name,66195,"Stub:BinaryOpStub_SHR_OverwriteLeft_Uninitialized+Uninitialized"
snapshot-code-name,66344,"Stub:StringCompareStub"
snapshot-code-name,66616,"Stub:NameDictionaryLookupStub"
snapshot-code-name,67463,"Stub:BinaryOpStub_SAR_Alloc_Uninitialized+Uninitialized"
snapshot-code-name,67598,"Stub:RecordWriteStub"
snapshot-code-name,69262,"Stub:BinaryOpStub_SAR_Alloc_Smi+Smi"
snapshot-code-name,69468,"Stub:ToBooleanStub_(SpecObject)"
snapshot-code-name,69742,"Stub:KeyedLoadElementStub"
snapshot-code-name,70022,"Stub:RecordWriteStub"
snapshot-code-name,71686,"Stub:BinaryOpStub_ADD_Alloc_Uninitialized+Uninitialized"
snapshot-code-name,71840,"Stub:RecordWriteStub"
snapshot-code-name,73550,"Stub:ArgumentsAccessStub_NewNonStrictFast"
snapshot-code-name,73966,"Stub:ArgumentsAccessStub_ReadElement"
snapshot-code-name,74193,"Stub:CompareICStub"
snapshot-code-name,74363,"Stub:BinaryOpStub_ADD_Alloc_String+String"
snapshot-code-name,74561,"Stub:CallConstructStub"
snapshot-code-name,74760,"Stub:RecordWriteStub"
snapshot-code-name,75471,"Stub:CompareICStub"
snapshot-code-name,76066,"CallInitialize:12"
snapshot-code-name,76309,"CallInitialize:28"
snapshot-code-name,76552,"CallPreMonomorphic:7"
snapshot-code-name,76795,"CallInitialize:92"
snapshot-code-name,77041,"CallPreMonomorphic:4"
snapshot-code-name,77288,"CallPreMonomorphic:3"
snapshot-code-name,77534,"CallPreMonomorphic:32"
snapshot-code-name,77780,"CallInitialize:42"
snapshot-code-name,78027,"CallPreMonomorphic:2"
snapshot-code-name,78273,"CallInitialize:5"
snapshot-code-name,78516,"CallInitialize:4"
snapshot-code-name,78762,"CallPreMonomorphic:10"
snapshot-code-name,79005,"CallPreMonomorphic:8"
snapshot-code-name,79251,"CallInitialize:10"
snapshot-code-name,79498,"CallPreMonomorphic:12"
snapshot-code-name,79744,"CallPreMonomorphic:20"
snapshot-code-name,79987,"CallInitialize:3"
snapshot-code-name,80233,"CallInitialize:8"
snapshot-code-name,80479,"CallInitialize:7"
snapshot-code-name,80725,"CallInitialize:1"
snapshot-code-name,80971,"CallPreMonomorphic:5"
snapshot-code-name,81217,"CallMiss:2"
snapshot-code-name,81463,"CallInitialize:38"
snapshot-code-name,81709,"CallInitialize:20"
snapshot-code-name,81952,"CallPreMonomorphic:1"
snapshot-code-name,82198,"CallPreMonomorphic:42"
snapshot-code-name,82444,"CallPreMonomorphic:38"
snapshot-code-name,82687,"CallInitialize:14"
snapshot-code-name,82930,"CallInitialize:0"
snapshot-code-name,83173,"CallPreMonomorphic:2"
snapshot-code-name,83419,"CallInitialize:70"
snapshot-code-name,83666,"CallMiss:1"
snapshot-code-name,83909,"CallInitialize:2"
snapshot-code-name,84156,"CallInitialize:1"
snapshot-code-name,84399,"CallPreMonomorphic:70"
snapshot-code-name,84642,"CallInitialize:32"
snapshot-code-name,84888,"CallPreMonomorphic:1"
snapshot-code-name,85135,"CallPreMonomorphic:92"
snapshot-code-name,85381,"CallInitialize:2"
snapshot-code-name,85627,"CallInitialize:6"
snapshot-code-name,85870,"CallInitialize:0"
snapshot-code-name,86113,"CallMiss:1"
snapshot-code-name,86356,"CallPreMonomorphic:6"
snapshot-code-name,86599,"CallPreMonomorphic:14"
snapshot-code-name,86845,"CallPreMonomorphic:0"
snapshot-code-name,87088,"CallPreMonomorphic:28"
snapshot-code-name,107886,"Builtin:Return_DebugBreak"
snapshot-code-name,108054,"Builtin:Slot_DebugBreak"
snapshot-code-name,108279,"Builtin:EmptyFunction"
snapshot-code-name,108412,"Builtin:JSConstructStubGeneric"
snapshot-code-name,109100,"Script:native runtime.js"
snapshot-code-name,110173,"LazyCompile:EQUALS native runtime.js:54"
snapshot-code-name,115628,"LazyCompile:STRICT_EQUALS native runtime.js:108"
snapshot-code-name,116280,"LazyCompile:COMPARE native runtime.js:128"
snapshot-code-name,117722,"LazyCompile:ADD native runtime.js:171"
snapshot-code-name,118781,"LazyCompile:STRING_ADD_LEFT native runtime.js:191"
snapshot-code-name,119676,"LazyCompile:STRING_ADD_RIGHT native runtime.js:206"
snapshot-code-name,120605,"LazyCompile:SUB native runtime.js:222"
snapshot-code-name,121222,"LazyCompile:MUL native runtime.js:230"
snapshot-code-name,121807,"LazyCompile:DIV native runtime.js:238"
snapshot-code-name,122392,"LazyCompile:MOD native runtime.js:246"
snapshot-code-name,122983,"LazyCompile:BIT_OR native runtime.js:260"
snapshot-code-name,123574,"LazyCompile:BIT_AND native runtime.js:268"
snapshot-code-name,124271,"LazyCompile:BIT_XOR native runtime.js:290"
snapshot-code-name,124866,"LazyCompile:UNARY_MINUS native runtime.js:298"
snapshot-code-name,125368,"LazyCompile:BIT_NOT native runtime.js:305"
snapshot-code-name,125866,"LazyCompile:SHL native runtime.js:312"
snapshot-code-name,126453,"LazyCompile:SAR native runtime.js:320"
snapshot-code-name,127146,"LazyCompile:SHR native runtime.js:342"
snapshot-code-name,127737,"LazyCompile:DELETE native runtime.js:356"
snapshot-code-name,128280,"LazyCompile:IN native runtime.js:362"
snapshot-code-name,129049,"LazyCompile:INSTANCE_OF native runtime.js:375"
snapshot-code-name,130069,"Builtin:KeyedLoadIC_Initialize"
snapshot-code-name,130203,"Builtin:LoadIC_Initialize"
snapshot-code-name,130586,"LazyCompile:FILTER_KEY native runtime.js:406"
snapshot-code-name,131105,"LazyCompile:CALL_NON_FUNCTION native runtime.js:413"
snapshot-code-name,131902,"LazyCompile:CALL_NON_FUNCTION_AS_CONSTRUCTOR native runtime.js:422"
snapshot-code-name,132655,"LazyCompile:CALL_FUNCTION_PROXY native runtime.js:431"
snapshot-code-name,133250,"LazyCompile:CALL_FUNCTION_PROXY_AS_CONSTRUCTOR native runtime.js:439"
snapshot-code-name,133802,"LazyCompile:APPLY_PREPARE native runtime.js:446"
snapshot-code-name,135508,"LazyCompile:APPLY_OVERFLOW native runtime.js:484"
snapshot-code-name,136036,"LazyCompile:TO_OBJECT native runtime.js:490"
snapshot-code-name,136444,"LazyCompile:TO_NUMBER native runtime.js:496"
snapshot-code-name,136852,"LazyCompile:TO_STRING native runtime.js:502"
snapshot-code-name,137240,"LazyCompile:ToPrimitive native runtime.js:514"
snapshot-code-name,138261,"LazyCompile:ToBoolean native runtime.js:526"
snapshot-code-name,138980,"LazyCompile:ToNumber native runtime.js:536"
snapshot-code-name,139820,"Builtin:LazyCompile"
snapshot-code-name,140062,"LazyCompile:ToString native runtime.js:561"
snapshot-code-name,140860,"LazyCompile:ToName native runtime.js:578"
snapshot-code-name,142446,"Script:native date.js"
snapshot-code-name,147686,"LazyCompile:DateConstructor native date.js:141"
snapshot-code-name,149683,"Builtin:StoreIC_Initialize"
snapshot-code-name,157651,"LazyCompile:SetUpDate native date.js:761"
snapshot-code-name,161769,"Script:native messages.js"
snapshot-code-name,164538,"LazyCompile:FormatString native messages.js:178"
snapshot-code-name,172603,"LazyCompile:MakeGenericError native messages.js:273"
snapshot-code-name,173191,"LazyCompile:FormatMessage native messages.js:292"
snapshot-code-name,174084,"LazyCompile:MakeRangeError native messages.js:326"
snapshot-code-name,179172,"LazyCompile:captureStackTrace native messages.js:1114"
snapshot-code-name,181289,"LazyCompile:SetUpError native messages.js:1164"
snapshot-code-name,181990,"LazyCompile:SetUpError.a native messages.js:1167"
snapshot-code-name,183060,"LazyCompile:d native messages.js:1183"
snapshot-code-name,183582,"LazyCompile: native messages.js:1193"
snapshot-code-name,185819,"LazyCompile:SetUpStackOverflowBoilerplate native messages.js:1292"
snapshot-code-name,203646,"LazyCompile: native messages.js:285"
snapshot-code-name,206262,"Script:native string.js"
snapshot-code-name,207051,"LazyCompile:StringConstructor native string.js:35"
snapshot-code-name,217146,"LazyCompile:SetUpString native string.js:992"
snapshot-code-name,220188,"Script:native regexp.js"
snapshot-code-name,222979,"LazyCompile:RegExpConstructor native regexp.js:90"
snapshot-code-name,224969,"LazyCompile:RegExpMakeCaptureGetter native regexp.js:360"
snapshot-code-name,225585,"LazyCompile:SetUpRegExp native regexp.js:400"
snapshot-code-name,229673,"Script:native math.js"
snapshot-code-name,230239,"LazyCompile:MathConstructor native math.js:40"
snapshot-code-name,234234,"LazyCompile:SetUpMath native math.js:226"
snapshot-code-name,236952,"Script:native json.js"
snapshot-code-name,239110,"LazyCompile:SetUpJSON native json.js:219"
snapshot-code-name,240006,"Script:native apinatives.js"
snapshot-code-name,241188,"Script:native uri.js"
snapshot-code-name,245598,"LazyCompile:SetUpUri native uri.js:442"
snapshot-code-name,246518,"Script:native v8natives.js"
snapshot-code-name,247979,"LazyCompile:InstallFunctions native v8natives.js:46"
snapshot-code-name,256607,"LazyCompile:InstallGetterSetter native v8natives.js:72"
snapshot-code-name,257250,"LazyCompile:SetUpLockedPrototype native v8natives.js:87"
snapshot-code-name,259301,"LazyCompile:SetUpGlobal native v8natives.js:197"
snapshot-code-name,260657,"LazyCompile:hasOwnProperty native v8natives.js:251"
snapshot-code-name,267010,"LazyCompile:ObjectConstructor native v8natives.js:1371"
snapshot-code-name,267621,"LazyCompile:SetUpObject native v8natives.js:1385"
snapshot-code-name,269867,"LazyCompile:BooleanConstructor native v8natives.js:1437"
snapshot-code-name,270649,"LazyCompile:SetUpBoolean native v8natives.js:1472"
snapshot-code-name,271617,"LazyCompile:NumberConstructor native v8natives.js:1491"
snapshot-code-name,273056,"LazyCompile:SetUpNumber native v8natives.js:1635"
snapshot-code-name,275607,"LazyCompile:FunctionConstructor native v8natives.js:1813"
snapshot-code-name,276432,"LazyCompile:SetUpFunction native v8natives.js:1826"
snapshot-code-name,280245,"Script:native array.js"
snapshot-code-name,291944,"LazyCompile:SetUpArray native array.js:1591"
snapshot-code-name,295408,"LazyCompile:SetUpArray.b native array.js:1605"
snapshot-code-name,297307,"Builtin:Illegal"
snapshot-code-name,297437,"Builtin:InternalArrayCodeGeneric"
snapshot-code-name,297564,"Builtin:ArrayCodeGeneric"
snapshot-code-name,297691,"Builtin:ArrayPush"
snapshot-code-name,297818,"Builtin:ArrayPop"
snapshot-code-name,297945,"Builtin:ArrayShift"
snapshot-code-name,298072,"Builtin:ArrayUnshift"
snapshot-code-name,298199,"Builtin:ArraySlice"
snapshot-code-name,298326,"Builtin:ArraySplice"
snapshot-code-name,298453,"Builtin:ArrayConcat"
snapshot-code-name,298580,"Builtin:HandleApiCall"
snapshot-code-name,298707,"Builtin:HandleApiCallConstruct"
snapshot-code-name,298834,"Builtin:HandleApiCallAsFunction"
snapshot-code-name,298961,"Builtin:HandleApiCallAsConstructor"
snapshot-code-name,299088,"Builtin:StrictModePoisonPill"
snapshot-code-name,299219,"Builtin:InRecompileQueue"
snapshot-code-name,299333,"Builtin:InstallRecompiledCode"
snapshot-code-name,299496,"Builtin:JSConstructStubCountdown"
snapshot-code-name,300122,"Builtin:JSConstructStubApi"
snapshot-code-name,300626,"Builtin:JSEntryTrampoline"
snapshot-code-name,300816,"Builtin:JSConstructEntryTrampoline"
snapshot-code-name,301009,"Builtin:LazyRecompile"
snapshot-code-name,301171,"Builtin:ParallelRecompile"
snapshot-code-name,301333,"Builtin:NotifyDeoptimized"
snapshot-code-name,301541,"Builtin:NotifySoftDeoptimized"
snapshot-code-name,301749,"Builtin:NotifyLazyDeoptimized"
snapshot-code-name,301957,"Builtin:NotifyStubFailure"
snapshot-code-name,302087,"Builtin:NotifyOSR"
snapshot-code-name,302221,"Builtin:KeyedLoadIC_Miss"
snapshot-code-name,302348,"Builtin:KeyedLoadIC_MissForceGeneric"
snapshot-code-name,302475,"Builtin:KeyedLoadIC_Slow"
snapshot-code-name,302602,"Builtin:StoreIC_Miss"
snapshot-code-name,302729,"Builtin:StoreIC_Slow"
snapshot-code-name,302856,"Builtin:KeyedStoreIC_Miss"
snapshot-code-name,302983,"Builtin:KeyedStoreIC_MissForceGeneric"
snapshot-code-name,303110,"Builtin:KeyedStoreIC_Slow"
snapshot-code-name,303240,"Builtin:LoadIC_PreMonomorphic"
snapshot-code-name,303368,"Builtin:LoadIC_Normal"
snapshot-code-name,303737,"Builtin:LoadIC_Megamorphic"
snapshot-code-name,304104,"Builtin:LoadIC_Getter_ForDeopt"
snapshot-code-name,304224,"Builtin:LoadIC_Slow"
snapshot-code-name,304354,"Builtin:KeyedLoadIC_PreMonomorphic"
snapshot-code-name,304482,"Builtin:KeyedLoadIC_Generic"
snapshot-code-name,305503,"Builtin:KeyedLoadIC_String"
snapshot-code-name,306175,"Builtin:KeyedLoadIC_IndexedInterceptor"
snapshot-code-name,306381,"Builtin:KeyedLoadIC_NonStrictArguments"
snapshot-code-name,306656,"Builtin:StoreIC_Normal"
snapshot-code-name,307095,"Builtin:StoreIC_Megamorphic"
snapshot-code-name,307503,"Builtin:StoreIC_Generic"
snapshot-code-name,307630,"Builtin:StoreIC_Generic_Strict"
snapshot-code-name,307757,"Builtin:StoreIC_GlobalProxy"
snapshot-code-name,307884,"Builtin:StoreIC_Initialize_Strict"
snapshot-code-name,308012,"Builtin:StoreIC_Normal_Strict"
snapshot-code-name,308451,"Builtin:StoreIC_Megamorphic_Strict"
snapshot-code-name,308859,"Builtin:StoreIC_GlobalProxy_Strict"
snapshot-code-name,308986,"Builtin:StoreIC_Setter_ForDeopt"
snapshot-code-name,309106,"Builtin:KeyedStoreIC_Initialize"
snapshot-code-name,309234,"Builtin:KeyedStoreIC_Generic"
snapshot-code-name,311728,"Builtin:KeyedStoreIC_Initialize_Strict"
snapshot-code-name,311856,"Builtin:KeyedStoreIC_Generic_Strict"
snapshot-code-name,314351,"Builtin:KeyedStoreIC_NonStrictArguments"
snapshot-code-name,314695,"Builtin:TransitionElementsSmiToDouble"
snapshot-code-name,315171,"Builtin:TransitionElementsDoubleToObject"
snapshot-code-name,315685,"Builtin:FunctionCall"
snapshot-code-name,316126,"Builtin:FunctionApply"
snapshot-code-name,316602,"Builtin:InternalArrayCode"
snapshot-code-name,316724,"Builtin:ArrayCode"
snapshot-code-name,316849,"Builtin:CommonArrayConstructCode"
snapshot-code-name,317554,"Builtin:StringConstructCode"
snapshot-code-name,318017,"Builtin:OnStackReplacement"
snapshot-code-name,318588,"Builtin:MakeQuadragenarianCodeYoungAgainOddMarking"
snapshot-code-name,318741,"Builtin:MakeQuadragenarianCodeYoungAgainEvenMarking"
snapshot-code-name,318894,"Builtin:MakeQuinquagenarianCodeYoungAgainOddMarking"
snapshot-code-name,319047,"Builtin:MakeQuinquagenarianCodeYoungAgainEvenMarking"
snapshot-code-name,319200,"Builtin:MakeSexagenarianCodeYoungAgainOddMarking"
snapshot-code-name,319353,"Builtin:MakeSexagenarianCodeYoungAgainEvenMarking"
snapshot-code-name,319506,"Builtin:MakeSeptuagenarianCodeYoungAgainOddMarking"
snapshot-code-name,319659,"Builtin:MakeSeptuagenarianCodeYoungAgainEvenMarking"
snapshot-code-name,319812,"Builtin:MakeOctogenarianCodeYoungAgainOddMarking"
snapshot-code-name,319965,"Builtin:MakeOctogenarianCodeYoungAgainEvenMarking"
snapshot-code-name,320122,"Builtin:CallFunctionStub_DebugBreak"
snapshot-code-name,320291,"Builtin:CallFunctionStub_Recording_DebugBreak"
snapshot-code-name,320460,"Builtin:CallConstructStub_DebugBreak"
snapshot-code-name,320629,"Builtin:CallConstructStub_Recording_DebugBreak"
snapshot-code-name,320798,"Builtin:LoadIC_DebugBreak"
snapshot-code-name,320967,"Builtin:KeyedLoadIC_DebugBreak"
snapshot-code-name,321136,"Builtin:StoreIC_DebugBreak"
snapshot-code-name,321305,"Builtin:KeyedStoreIC_DebugBreak"
snapshot-code-name,321474,"Builtin:CompareNilIC_DebugBreak"
snapshot-code-name,321647,"Builtin:PlainReturn_LiveEdit"
snapshot-code-name,321761,"Builtin:FrameDropper_LiveEdit"
